This is pdfTeX, Version 3.14159265-2.6-1.40.16 (TeX Live 2015) (preloaded format=latex 2015.8.31)  25 SEP 2015 09:27
entering extended mode
 restricted \write18 enabled.
 %&-line parsing enabled.
**manual
(./manual.tex
LaTeX2e <2015/01/01> patch level 2
Babel <3.9m> and hyphenation patterns for 51 languages loaded.
(/usr/pkg/teTeX/texlive/2015/texmf-dist/tex/latex/base/article.cls
Document Class: article 2014/09/29 v1.4h Standard LaTeX document class
(/usr/pkg/teTeX/texlive/2015/texmf-dist/tex/latex/base/size12.clo
File: size12.clo 2014/09/29 v1.4h Standard LaTeX file (size option)
)
\c@part=\count79
\c@section=\count80
\c@subsection=\count81
\c@subsubsection=\count82
\c@paragraph=\count83
\c@subparagraph=\count84
\c@figure=\count85
\c@table=\count86
\abovecaptionskip=\skip41
\belowcaptionskip=\skip42
\bibindent=\dimen102
)
(/usr/pkg/teTeX/texlive/2015/texmf-dist/tex/latex/natbib/natbib.sty
Package: natbib 2010/09/13 8.31b (PWD, AO)
\bibhang=\skip43
\bibsep=\skip44
LaTeX Info: Redefining \cite on input line 694.
\c@NAT@ctr=\count87
)
(/usr/pkg/teTeX/texlive/2015/texmf-dist/tex/latex/hyperref/hyperref.sty
Package: hyperref 2012/11/06 v6.83m Hypertext links for LaTeX

(/usr/pkg/teTeX/texlive/2015/texmf-dist/tex/generic/oberdiek/hobsub-hyperref.st
y
Package: hobsub-hyperref 2012/05/28 v1.13 Bundle oberdiek, subset hyperref (HO)


(/usr/pkg/teTeX/texlive/2015/texmf-dist/tex/generic/oberdiek/hobsub-generic.sty
Package: hobsub-generic 2012/05/28 v1.13 Bundle oberdiek, subset generic (HO)
Package: hobsub 2012/05/28 v1.13 Construct package bundles (HO)
Package: infwarerr 2010/04/08 v1.3 Providing info/warning/error messages (HO)
Package: ltxcmds 2011/11/09 v1.22 LaTeX kernel commands for general use (HO)
Package: ifluatex 2010/03/01 v1.3 Provides the ifluatex switch (HO)
Package ifluatex Info: LuaTeX not detected.
Package: ifvtex 2010/03/01 v1.5 Detect VTeX and its facilities (HO)
Package ifvtex Info: VTeX not detected.
Package: intcalc 2007/09/27 v1.1 Expandable calculations with integers (HO)
Package: ifpdf 2011/01/30 v2.3 Provides the ifpdf switch (HO)
Package ifpdf Info: pdfTeX in PDF mode is not detected.
Package: etexcmds 2011/02/16 v1.5 Avoid name clashes with e-TeX commands (HO)
Package etexcmds Info: Could not find \expanded.
(etexcmds)             That can mean that you are not using pdfTeX 1.50 or
(etexcmds)             that some package has redefined \expanded.
(etexcmds)             In the latter case, load this package earlier.
Package: kvsetkeys 2012/04/25 v1.16 Key value parser (HO)
Package: kvdefinekeys 2011/04/07 v1.3 Define keys (HO)
Package: pdftexcmds 2011/11/29 v0.20 Utility functions of pdfTeX for LuaTeX (HO
)
Package pdftexcmds Info: LuaTeX not detected.
Package pdftexcmds Info: \pdf@primitive is available.
Package pdftexcmds Info: \pdf@ifprimitive is available.
Package pdftexcmds Info: \pdfdraftmode is ignored in DVI mode.
Package: pdfescape 2011/11/25 v1.13 Implements pdfTeX's escape features (HO)
Package: bigintcalc 2012/04/08 v1.3 Expandable calculations on big integers (HO
)
Package: bitset 2011/01/30 v1.1 Handle bit-vector datatype (HO)
Package: uniquecounter 2011/01/30 v1.2 Provide unlimited unique counter (HO)
)
Package hobsub Info: Skipping package `hobsub' (already loaded).
Package: letltxmacro 2010/09/02 v1.4 Let assignment for LaTeX macros (HO)
Package: hopatch 2012/05/28 v1.2 Wrapper for package hooks (HO)
Package: xcolor-patch 2011/01/30 xcolor patch
Package: atveryend 2011/06/30 v1.8 Hooks at the very end of document (HO)
Package atveryend Info: \enddocument detected (standard20110627).
Package: atbegshi 2011/10/05 v1.16 At begin shipout hook (HO)
Package: refcount 2011/10/16 v3.4 Data extraction from label references (HO)
Package: hycolor 2011/01/30 v1.7 Color options for hyperref/bookmark (HO)
) (/usr/pkg/teTeX/texlive/2015/texmf-dist/tex/latex/graphics/keyval.sty
Package: keyval 2014/10/28 v1.15 key=value parser (DPC)
\KV@toks@=\toks14
)
(/usr/pkg/teTeX/texlive/2015/texmf-dist/tex/generic/ifxetex/ifxetex.sty
Package: ifxetex 2010/09/12 v0.6 Provides ifxetex conditional
)
(/usr/pkg/teTeX/texlive/2015/texmf-dist/tex/latex/oberdiek/auxhook.sty
Package: auxhook 2011/03/04 v1.3 Hooks for auxiliary files (HO)
)
(/usr/pkg/teTeX/texlive/2015/texmf-dist/tex/latex/oberdiek/kvoptions.sty
Package: kvoptions 2011/06/30 v3.11 Key value format for package options (HO)
)
\@linkdim=\dimen103
\Hy@linkcounter=\count88
\Hy@pagecounter=\count89

(/usr/pkg/teTeX/texlive/2015/texmf-dist/tex/latex/hyperref/pd1enc.def
File: pd1enc.def 2012/11/06 v6.83m Hyperref: PDFDocEncoding definition (HO)
)
\Hy@SavedSpaceFactor=\count90

(/usr/pkg/teTeX/texlive/2015/texmf-dist/tex/latex/latexconfig/hyperref.cfg
File: hyperref.cfg 2002/06/06 v1.2 hyperref configuration of TeXLive
)
Package hyperref Info: Hyper figures OFF on input line 4443.
Package hyperref Info: Link nesting OFF on input line 4448.
Package hyperref Info: Hyper index ON on input line 4451.
Package hyperref Info: Plain pages OFF on input line 4458.
Package hyperref Info: Backreferencing OFF on input line 4463.
Package hyperref Info: Implicit mode ON; LaTeX internals redefined.
Package hyperref Info: Bookmarks ON on input line 4688.
\c@Hy@tempcnt=\count91

(/usr/pkg/teTeX/texlive/2015/texmf-dist/tex/latex/url/url.sty
\Urlmuskip=\muskip10
Package: url 2013/09/16  ver 3.4  Verb mode for urls, etc.
)
LaTeX Info: Redefining \url on input line 5041.
\XeTeXLinkMargin=\dimen104
\Fld@menulength=\count92
\Field@Width=\dimen105
\Fld@charsize=\dimen106
Package hyperref Info: Hyper figures OFF on input line 6295.
Package hyperref Info: Link nesting OFF on input line 6300.
Package hyperref Info: Hyper index ON on input line 6303.
Package hyperref Info: backreferencing OFF on input line 6310.
Package hyperref Info: Link coloring OFF on input line 6315.
Package hyperref Info: Link coloring with OCG OFF on input line 6320.
Package hyperref Info: PDF/A mode OFF on input line 6325.
LaTeX Info: Redefining \ref on input line 6365.
LaTeX Info: Redefining \pageref on input line 6369.
\Hy@abspage=\count93
\c@Item=\count94
\c@Hfootnote=\count95
)

Package hyperref Message: Driver: hypertex.

(/usr/pkg/teTeX/texlive/2015/texmf-dist/tex/latex/hyperref/hypertex.def
File: hypertex.def 2012/11/06 v6.83m Hyperref driver for HyperTeX specials
\Hy@SectionHShift=\skip45
)
(/usr/pkg/teTeX/texlive/2015/texmf-dist/tex/latex/tools/bm.sty
Package: bm 2014/10/28 v1.1c Bold Symbol Support (DPC/FMi)
\symboldoperators=\mathgroup4
\symboldletters=\mathgroup5
\symboldsymbols=\mathgroup6
LaTeX Font Info:    Redeclaring math alphabet \mathbf on input line 141.
LaTeX Info: Redefining \bm on input line 207.
)
(/usr/pkg/teTeX/texlive/2015/texmf-dist/tex/latex/amsfonts/amsfonts.sty
Package: amsfonts 2013/01/14 v3.01 Basic AMSFonts support
\@emptytoks=\toks15
\symAMSa=\mathgroup7
\symAMSb=\mathgroup8
LaTeX Font Info:    Overwriting math alphabet `\mathfrak' in version `bold'
(Font)                  U/euf/m/n --> U/euf/b/n on input line 106.
)
(/usr/pkg/teTeX/texlive/2015/texmf-dist/tex/latex/graphics/graphicx.sty
Package: graphicx 2014/10/28 v1.0g Enhanced LaTeX Graphics (DPC,SPQR)

(/usr/pkg/teTeX/texlive/2015/texmf-dist/tex/latex/graphics/graphics.sty
Package: graphics 2014/10/28 v1.0p Standard LaTeX Graphics (DPC,SPQR)

(/usr/pkg/teTeX/texlive/2015/texmf-dist/tex/latex/graphics/trig.sty
Package: trig 1999/03/16 v1.09 sin cos tan (DPC)
)
(/usr/pkg/teTeX/texlive/2015/texmf-dist/tex/latex/latexconfig/graphics.cfg
File: graphics.cfg 2010/04/23 v1.9 graphics configuration of TeX Live
)
Package graphics Info: Driver file: dvips.def on input line 94.

(/usr/pkg/teTeX/texlive/2015/texmf-dist/tex/latex/graphics/dvips.def
File: dvips.def 2014/10/14 v3.0j Driver-dependent file (DPC,SPQR)
))
\Gin@req@height=\dimen107
\Gin@req@width=\dimen108
)
(./manual.aux)
\openout1 = `manual.aux'.

LaTeX Font Info:    Checking defaults for OML/cmm/m/it on input line 76.
LaTeX Font Info:    ... okay on input line 76.
LaTeX Font Info:    Checking defaults for T1/cmr/m/n on input line 76.
LaTeX Font Info:    ... okay on input line 76.
LaTeX Font Info:    Checking defaults for OT1/cmr/m/n on input line 76.
LaTeX Font Info:    ... okay on input line 76.
LaTeX Font Info:    Checking defaults for OMS/cmsy/m/n on input line 76.
LaTeX Font Info:    ... okay on input line 76.
LaTeX Font Info:    Checking defaults for OMX/cmex/m/n on input line 76.
LaTeX Font Info:    ... okay on input line 76.
LaTeX Font Info:    Checking defaults for U/cmr/m/n on input line 76.
LaTeX Font Info:    ... okay on input line 76.
LaTeX Font Info:    Checking defaults for PD1/pdf/m/n on input line 76.
LaTeX Font Info:    ... okay on input line 76.
\AtBeginShipoutBox=\box26
Package hyperref Info: Link coloring OFF on input line 76.

(/usr/pkg/teTeX/texlive/2015/texmf-dist/tex/latex/hyperref/nameref.sty
Package: nameref 2012/10/27 v2.43 Cross-referencing by name of section

(/usr/pkg/teTeX/texlive/2015/texmf-dist/tex/generic/oberdiek/gettitlestring.sty
Package: gettitlestring 2010/12/03 v1.4 Cleanup title references (HO)
)
\c@section@level=\count96
)
LaTeX Info: Redefining \ref on input line 76.
LaTeX Info: Redefining \pageref on input line 76.
LaTeX Info: Redefining \nameref on input line 76.
LaTeX Font Info:    Try loading font information for U+msa on input line 94.
 (/usr/pkg/teTeX/texlive/2015/texmf-dist/tex/latex/amsfonts/umsa.fd
File: umsa.fd 2013/01/14 v3.01 AMS symbols A
)
LaTeX Font Info:    Try loading font information for U+msb on input line 94.

(/usr/pkg/teTeX/texlive/2015/texmf-dist/tex/latex/amsfonts/umsb.fd
File: umsb.fd 2013/01/14 v3.01 AMS symbols B
)
LaTeX Font Info:    Try loading font information for OMS+cmr on input line 94.

(/usr/pkg/teTeX/texlive/2015/texmf-dist/tex/latex/base/omscmr.fd
File: omscmr.fd 2014/09/29 v2.5h Standard LaTeX font definitions
)
LaTeX Font Info:    Font shape `OMS/cmr/m/n' in size <14.4> not available
(Font)              Font shape `OMS/cmsy/m/n' tried instead on input line 94.
LaTeX Font Info:    Font shape `OMS/cmr/m/n' in size <7> not available
(Font)              Font shape `OMS/cmsy/m/n' tried instead on input line 94.
 [1

]
(./manual.toc

LaTeX Font Warning: Font shape `OT1/cmr/bx/sc' undefined
(Font)              using `OT1/cmr/bx/n' instead on input line 4.

[2])
\tf@toc=\write3
\openout3 = `manual.toc'.

 [3] [4] [5] [6]
LaTeX Font Info:    Font shape `OMS/cmr/m/n' in size <12> not available
(Font)              Font shape `OMS/cmsy/m/n' tried instead on input line 241.
 [7]
Overfull \hbox (51.10617pt too wide) in paragraph at lines 376--376
[]\OT1/cmtt/m/n/12 Wavelength axis = -3.0, 2.5, 200      # Minimum, maximum and
 number of grid points[] 
 []


Overfull \hbox (575.98143pt too wide) in paragraph at lines 376--376
[]\OT1/cmtt/m/n/12 Number of slabs = '1'    # '1' -> single slab, '1+1' -> two 
slabs with same field, '1+1B' -> 2 slabs with different field, '2' -> two slabs
 added with a filling factor[] 
 []


Overfull \hbox (26.40616pt too wide) in paragraph at lines 376--376
[]\OT1/cmtt/m/n/12 height = 3.0     # Real height if positive, apparent height 
if negative arcsec[] 
 []

[8]
Overfull \hbox (285.75629pt too wide) in paragraph at lines 376--376
[]\OT1/cmtt/m/n/12 Inversion modes = 'DIRECT', 'LM', 'DIRECT', 'LM'        # 'D
IRECT' for DIRECT algorithm and 'LM' for Levenberg-Marquardt[] 
 []

[9]
LaTeX Font Info:    Font shape `OT1/cmtt/bx/n' in size <14.4> not available
(Font)              Font shape `OT1/cmtt/m/n' tried instead on input line 387.

Overfull \hbox (1.70615pt too wide) in paragraph at lines 430--430
[]\OT1/cmtt/m/n/12 # Output for the upper level rho^K_Q(J,J') in the vertical r
eference frame[] 
 []


Overfull \hbox (1.70615pt too wide) in paragraph at lines 430--430
[]\OT1/cmtt/m/n/12 # Output for the lower level rho^K_Q(J,J') in the vertical r
eference frame[] 
 []


Overfull \hbox (14.05615pt too wide) in paragraph at lines 430--430
[]\OT1/cmtt/m/n/12 # Output for the upper level rho^K_Q(J,J') in the mag. field
 reference frame[] 
 []


Overfull \hbox (14.05615pt too wide) in paragraph at lines 430--430
[]\OT1/cmtt/m/n/12 # Output for the lower level rho^K_Q(J,J') in the mag. field
 reference frame[] 
 []

[10] [11] [12]
Overfull \hbox (7.88115pt too wide) in paragraph at lines 551--551
[]\OT1/cmtt/m/n/12 # Value of delta if depol. rates are included (not used if p
rev. value = 0)[] 
 []

[13]
Overfull \hbox (21.897pt too wide) in paragraph at lines 604--604
[]\OT1/cmtt/m/n/10.95 # Optical depth of the slab in the maximum of I (slab) or
 strength of the line (ME)[] 
 []


Overfull \hbox (75.80618pt too wide) in paragraph at lines 646--646
[]\OT1/cmtt/m/n/12 # Observation angle with respect to the local solar vertical
 theta,chi,gamma [degrees][] 
 []

[14] [15] [16] [17] [18] [19]
Overfull \hbox (7.88115pt too wide) in paragraph at lines 940--940
[]\OT1/cmtt/m/n/12 1    1    2    1.022d7    10829.0911    1.0000000    1.00000
00    0.0000000[] 
 []


Overfull \hbox (1.70615pt too wide) in paragraph at lines 940--940
[]\OT1/cmtt/m/n/12 2    1    4    9.478d6    3888.6046    0.2000000    1.000000
0    0.0000000[] 
 []


Overfull \hbox (1.70615pt too wide) in paragraph at lines 940--940
[]\OT1/cmtt/m/n/12 3    2    3    2.780d7    7065.7085    1.0000000    1.000000
0    0.0000000[] 
 []


Overfull \hbox (1.70615pt too wide) in paragraph at lines 940--940
[]\OT1/cmtt/m/n/12 4    2    5    7.060d7    5875.9663    1.0000000    1.000000
0    0.0000000[] 
 []

[20]
File: f5.eps Graphic file (type eps)
 <f5.eps>
File: inv1.eps Graphic file (type eps)
 <inv1.eps>
File: inv2.eps Graphic file (type eps)
 <inv2.eps>
File: inv3.eps Graphic file (type eps)
 <inv3.eps>
File: inv4.eps Graphic file (type eps)
 <inv4.eps>
Underfull \hbox (badness 10000) in paragraph at lines 970--977
[][]  []
 []

[21] [22] [23]
Overfull \hbox (15.20026pt too wide) in paragraph at lines 1069--1070
[]\OT1/cmr/m/n/12 map: ar-ray of size \OT1/cmr/m/it/12 (npixel,4,nlambda) \OT1/
cmr/m/n/12 con-tain-ing the syn-thetic Stokes vec-tor $(\OML/cmm/m/it/12 I; Q; 
U; V\OT1/cmr/m/n/12 )$
 []

[24] [25]
File: f1.eps Graphic file (type eps)
 <f1.eps>
Overfull \hbox (21.04814pt too wide) in paragraph at lines 1176--1180
\OT1/cmr/m/n/12 where $\OML/cmm/m/it/12 s$ \OT1/cmr/m/n/12 is the ge-o-met-ri-c
al dis-tance along the ray un-der con-sid-er-a-tion, $\OML/cmm/b/it/12 ^^O\OT1/
cmr/m/n/12 (\OML/cmm/m/it/12 ^^W; \OT1/cmr/bx/sc/12 
\OT1/cmr/m/n/12 ) = (\OML/cmm/m/it/12 ^^O[]; ^^O[]; ^^O[]; ^^O[]\OT1/cmr/m/n/12
 )[]$
 []

[26] [27] [28] [29] [30] [31] [32] [33] [34] [35]
Overfull \hbox (83.00797pt too wide) detected at line 1702
[][] [][] \OT1/cmr/m/n/12 ^^B[] = [] [][] ^^B[]\OML/cmm/m/it/12 :[]
 []

[36]
Overfull \hbox (82.8134pt too wide) detected at line 1740
[][] [][] \OT1/cmr/m/n/12 ^^B[] = [] [][] ^^B[]\OML/cmm/m/it/12 :[]
 []


Overfull \hbox (81.50786pt too wide) detected at line 1761
[][] [][] \OT1/cmr/m/n/12 ^^B[] = [] [][] ^^B[]\OML/cmm/m/it/12 :[]
 []

[37]
Overfull \hbox (81.50786pt too wide) detected at line 1783
[][] [][] \OT1/cmr/m/n/12 ^^B[] = [] [][] ^^B[]\OML/cmm/m/it/12 :[]
 []

[38]
Package atveryend Info: Empty hook `BeforeClearDocument' on input line 1859.
 [39]
Package atveryend Info: Empty hook `AfterLastShipout' on input line 1859.
 (./manual.aux)
Package atveryend Info: Empty hook `AtVeryEndDocument' on input line 1859.
Package atveryend Info: Empty hook `AtEndAfterFileList' on input line 1859.


LaTeX Font Warning: Some font shapes were not available, defaults substituted.

Package atveryend Info: Empty hook `AtVeryVeryEnd' on input line 1859.
 ) 
Here is how much of TeX's memory you used:
 5008 strings out of 493706
 73234 string characters out of 6151522
 154368 words of memory out of 5000000
 8414 multiletter control sequences out of 15000+600000
 25131 words of font info for 94 fonts, out of 8000000 for 9000
 783 hyphenation exceptions out of 8191
 29i,12n,24p,1096b,435s stack positions out of 5000i,500n,10000p,200000b,80000s

Output written on manual.dvi (39 pages, 131776 bytes).
