\BOOKMARK [1][-]{section.1}{Introduction}{}% 1
\BOOKMARK [2][-]{subsection.1.1}{Description}{section.1}% 2
\BOOKMARK [2][-]{subsection.1.2}{Credits}{section.1}% 3
\BOOKMARK [1][-]{section.2}{Uncompressing and compiling Hazel}{}% 4
\BOOKMARK [2][-]{subsection.2.1}{Serial version}{section.2}% 5
\BOOKMARK [2][-]{subsection.2.2}{Parallel version}{section.2}% 6
\BOOKMARK [1][-]{section.3}{Input files}{}% 7
\BOOKMARK [2][-]{subsection.3.1}{config\137inversion.dat}{section.3}% 8
\BOOKMARK [2][-]{subsection.3.2}{init\137parameters.dat}{section.3}% 9
\BOOKMARK [2][-]{subsection.3.3}{direct\137range.dat}{section.3}% 10
\BOOKMARK [2][-]{subsection.3.4}{invert\137parameters.dat}{section.3}% 11
\BOOKMARK [1][-]{section.4}{Atomic models}{}% 12
\BOOKMARK [1][-]{section.5}{Graphical front-ends}{}% 13
\BOOKMARK [2][-]{subsection.5.1}{Synthesis}{section.5}% 14
\BOOKMARK [2][-]{subsection.5.2}{Inversion}{section.5}% 15
\BOOKMARK [1][-]{section.6}{P-Hazel input/output files}{}% 16
\BOOKMARK [2][-]{subsection.6.1}{Input files}{section.6}% 17
\BOOKMARK [2][-]{subsection.6.2}{Output files}{section.6}% 18
\BOOKMARK [2][-]{subsection.6.3}{Ambiguities}{section.6}% 19
\BOOKMARK [1][-]{section.7}{Calling Hazel from Python}{}% 20
\BOOKMARK [1][-]{section.8}{Basic Equations}{}% 21
\BOOKMARK [2][-]{subsection.8.1}{The radiative transfer approach}{section.8}% 22
\BOOKMARK [2][-]{subsection.8.2}{The multipolar components of the atomic density matrix}{section.8}% 23
\BOOKMARK [2][-]{subsection.8.3}{Statistical equilibrium equations}{section.8}% 24
\BOOKMARK [2][-]{subsection.8.4}{Emission and absorption coefficients}{section.8}% 25
\BOOKMARK [1][-]{section.9}{Inversion}{}% 26
\BOOKMARK [2][-]{subsection.9.1}{Global Optimization techniques}{section.9}% 27
\BOOKMARK [2][-]{subsection.9.2}{Convergence}{section.9}% 28
\BOOKMARK [2][-]{subsection.9.3}{Stopping criterium}{section.9}% 29
\BOOKMARK [1][-]{section.10}{Ambiguities in the Hanle effect in the saturation regime}{}% 30
\BOOKMARK [1][-]{section.11}{B' = B}{}% 31
\BOOKMARK [1][-]{section.12}{B' = B+}{}% 32
\BOOKMARK [1][-]{section.13}{B' = B+/2}{}% 33
\BOOKMARK [1][-]{section.14}{B' = B-/2}{}% 34
