         245  0.512910229662286     
 -0.39545700E+01 -0.85860312E-08  0.23827433E-07  0.19999905E-08 -0.72754012E-10
 -0.39233200E+01 -0.86972237E-08  0.24138562E-07  0.20234524E-08 -0.73723403E-10
 -0.38930500E+01 -0.88069899E-08  0.24445827E-07  0.20465588E-08 -0.74625787E-10
 -0.38618000E+01 -0.89225593E-08  0.24769313E-07  0.20708380E-08 -0.75633777E-10
 -0.38305500E+01 -0.90404393E-08  0.25099328E-07  0.20955454E-08 -0.76662266E-10
 -0.38002700E+01 -0.91568921E-08  0.25425465E-07  0.21199078E-08 -0.76821981E-10
 -0.37690200E+01 -0.92795122E-08  0.25768871E-07  0.21454918E-08 -0.77882419E-10
 -0.37387500E+01 -0.94005762E-08  0.26108077E-07  0.21706201E-08 -0.79231023E-10
 -0.37075000E+01 -0.95281933E-08  0.26465612E-07  0.21971193E-08 -0.80339813E-10
 -0.36762500E+01 -0.96584549E-08  0.26830627E-07  0.22241003E-08 -0.81472241E-10
 -0.36459800E+01 -0.97872022E-08  0.27191565E-07  0.22507143E-08 -0.82599284E-10
 -0.36147300E+01 -0.99228891E-08  0.27571933E-07  0.22786781E-08 -0.83780266E-10
 -0.35844500E+01 -0.10057331E-07  0.27948522E-07  0.23063932E-08 -0.84862215E-10
 -0.35532000E+01 -0.10198758E-07  0.28345133E-07  0.23353887E-08 -0.86093451E-10
 -0.35219500E+01 -0.10343224E-07  0.28750352E-07  0.23649264E-08 -0.87351928E-10
 -0.34916800E+01 -0.10486063E-07  0.29151178E-07  0.23940038E-08 -0.89259050E-10
 -0.34604300E+01 -0.10636787E-07  0.29574082E-07  0.24246417E-08 -0.90574496E-10
 -0.34301600E+01 -0.10785822E-07  0.29992563E-07  0.24548139E-08 -0.91891646E-10
 -0.33989100E+01 -0.10943149E-07  0.30434236E-07  0.24866175E-08 -0.93274906E-10
 -0.33676600E+01 -0.11104013E-07  0.30885952E-07  0.25190722E-08 -0.94799152E-10
 -0.33373800E+01 -0.11263327E-07  0.31333378E-07  0.25510987E-08 -0.95857447E-10
 -0.33061300E+01 -0.11431398E-07  0.31805537E-07  0.25847644E-08 -0.97334813E-10
 -0.32758600E+01 -0.11597858E-07  0.32273282E-07  0.26180026E-08 -0.98799008E-10
 -0.32446100E+01 -0.11773582E-07  0.32767230E-07  0.26529742E-08 -0.10030958E-09
 -0.32133600E+01 -0.11953493E-07  0.33272906E-07  0.26887113E-08 -0.10212187E-09
 -0.31830900E+01 -0.12131780E-07  0.33774103E-07  0.27239908E-08 -0.10331994E-09
 -0.31518400E+01 -0.12322835E-07  0.34311259E-07  0.27618068E-08 -0.10503631E-09
 -0.31215600E+01 -0.12509444E-07  0.34836459E-07  0.27983404E-08 -0.10678506E-09
 -0.30903100E+01 -0.12706760E-07  0.35391740E-07  0.28369447E-08 -0.10852812E-09
 -0.30590600E+01 -0.12906035E-07  0.35952783E-07  0.28757450E-08 -0.11025262E-09
 -0.30287900E+01 -0.13106414E-07  0.36517026E-07  0.29146829E-08 -0.11211209E-09
 -0.29975400E+01 -0.13318277E-07  0.37113740E-07  0.29556635E-08 -0.11398779E-09
 -0.29672700E+01 -0.13528490E-07  0.37706031E-07  0.29961607E-08 -0.11580918E-09
 -0.29360200E+01 -0.13750887E-07  0.38332773E-07  0.30388359E-08 -0.11778056E-09
 -0.29047700E+01 -0.13979145E-07  0.38975857E-07  0.30825794E-08 -0.11978139E-09
 -0.28744900E+01 -0.14205581E-07  0.39614456E-07  0.31256314E-08 -0.12125191E-09
 -0.28432400E+01 -0.14445074E-07  0.40290201E-07  0.31708823E-08 -0.12389683E-09
 -0.28129700E+01 -0.14683177E-07  0.40961991E-07  0.32157822E-08 -0.12600809E-09
 -0.27817200E+01 -0.14935326E-07  0.41673672E-07  0.32631190E-08 -0.12825152E-09
 -0.27504700E+01 -0.15194182E-07  0.42404498E-07  0.33115085E-08 -0.13065221E-09
 -0.27202000E+01 -0.15451474E-07  0.43131245E-07  0.33593581E-08 -0.13295223E-09
 -0.26889500E+01 -0.15724164E-07  0.43901679E-07  0.34098119E-08 -0.13538644E-09
 -0.26586700E+01 -0.15995600E-07  0.44668665E-07  0.34598489E-08 -0.13715485E-09
 -0.26274200E+01 -0.16283192E-07  0.45481770E-07  0.35125147E-08 -0.13971585E-09
 -0.25961700E+01 -0.16578830E-07  0.46317859E-07  0.35663944E-08 -0.14233019E-09
 -0.25659000E+01 -0.16872849E-07  0.47149997E-07  0.36195083E-08 -0.14555930E-09
 -0.25346500E+01 -0.17185091E-07  0.48033751E-07  0.36757347E-08 -0.14835138E-09
 -0.25043700E+01 -0.17496396E-07  0.48914966E-07  0.37316234E-08 -0.15100284E-09
 -0.24731200E+01 -0.17826592E-07  0.49850305E-07  0.37903897E-08 -0.15396541E-09
 -0.24418700E+01 -0.18166454E-07  0.50813421E-07  0.38504959E-08 -0.15701782E-09
 -0.24116000E+01 -0.18505241E-07  0.51773898E-07  0.39100305E-08 -0.16006394E-09
 -0.23803500E+01 -0.18865214E-07  0.52794996E-07  0.39728319E-08 -0.16281371E-09
 -0.23500800E+01 -0.19224353E-07  0.53814048E-07  0.40351021E-08 -0.16604092E-09
 -0.23188300E+01 -0.19606340E-07  0.54898327E-07  0.41009119E-08 -0.16945375E-09
 -0.22875800E+01 -0.20000081E-07  0.56016580E-07  0.41682070E-08 -0.17299956E-09
 -0.22573000E+01 -0.20393265E-07  0.57133903E-07  0.42348542E-08 -0.17764595E-09
 -0.22260500E+01 -0.20811889E-07  0.58323786E-07  0.43053710E-08 -0.18088233E-09
 -0.21957800E+01 -0.21230057E-07  0.59513137E-07  0.43751986E-08 -0.18467096E-09
 -0.21645300E+01 -0.21675540E-07  0.60780816E-07  0.44489727E-08 -0.18871198E-09
 -0.21332800E+01 -0.22135645E-07  0.62090797E-07  0.45245063E-08 -0.19289077E-09
 -0.21030100E+01 -0.22595802E-07  0.63401777E-07  0.45993311E-08 -0.19649897E-09
 -0.20717600E+01 -0.23086690E-07  0.64800923E-07  0.46784689E-08 -0.20095731E-09
 -0.20414800E+01 -0.23578122E-07  0.66202664E-07  0.47568360E-08 -0.20636058E-09
 -0.20102300E+01 -0.24102684E-07  0.67699606E-07  0.48397566E-08 -0.21108656E-09
 -0.19789800E+01 -0.24645648E-07  0.69249900E-07  0.49246960E-08 -0.21605535E-09
 -0.19487100E+01 -0.25190279E-07  0.70805374E-07  0.50091552E-08 -0.22076220E-09
 -0.19174600E+01 -0.25772098E-07  0.72468676E-07  0.50981980E-08 -0.22609526E-09
 -0.18871900E+01 -0.26355901E-07  0.74138732E-07  0.51865067E-08 -0.23145432E-09
 -0.18559400E+01 -0.26980556E-07  0.75926849E-07  0.52798501E-08 -0.23719679E-09
 -0.18246900E+01 -0.27628668E-07  0.77783419E-07  0.53754545E-08 -0.24316401E-09
 -0.17944100E+01 -0.28279902E-07  0.79650740E-07  0.54700664E-08 -0.24956377E-09
 -0.17631600E+01 -0.28977939E-07  0.81653230E-07  0.55702645E-08 -0.25601923E-09
 -0.17328900E+01 -0.29680236E-07  0.83669471E-07  0.56696147E-08 -0.26252452E-09
 -0.17016400E+01 -0.30433720E-07  0.85834485E-07  0.57745767E-08 -0.26943073E-09
 -0.16703900E+01 -0.31218045E-07  0.88089562E-07  0.58822034E-08 -0.27725715E-09
 -0.16401200E+01 -0.32008641E-07  0.90364475E-07  0.59888337E-08 -0.28372614E-09
 -0.16088700E+01 -0.32858350E-07  0.92812000E-07  0.61013229E-08 -0.29164132E-09
 -0.15785900E+01 -0.33715954E-07  0.95285012E-07  0.62124357E-08 -0.29990035E-09
 -0.15473400E+01 -0.34639298E-07  0.97949596E-07  0.63300288E-08 -0.30853897E-09
 -0.15160900E+01 -0.35603513E-07  0.10073504E-06  0.64502369E-08 -0.31757585E-09
 -0.14858200E+01 -0.36578865E-07  0.10355609E-06  0.65692476E-08 -0.32694813E-09
 -0.14545700E+01 -0.37630876E-07  0.10660353E-06  0.66945842E-08 -0.33682996E-09
 -0.14243000E+01 -0.38695478E-07  0.10969526E-06  0.68184123E-08 -0.34670204E-09
 -0.13930500E+01 -0.39842245E-07  0.11304170E-06  0.69487379E-08 -0.35734136E-09
 -0.13618000E+01 -0.41034029E-07  0.11655731E-06  0.70819317E-08 -0.36802046E-09
 -0.13315200E+01 -0.42215277E-07  0.12013545E-06  0.72126549E-08 -0.37644321E-09
 -0.13002700E+01 -0.43416245E-07  0.12401938E-06  0.73493718E-08 -0.38559261E-09
 -0.12700000E+01 -0.44448519E-07  0.12798255E-06  0.74839763E-08 -0.38678253E-09
 -0.12387500E+01 -0.45084119E-07  0.13229798E-06  0.76244298E-08 -0.37139425E-09
 -0.12075000E+01 -0.44567140E-07  0.13686103E-06  0.77658540E-08 -0.31576397E-09
 -0.11772300E+01 -0.41394750E-07  0.14153913E-06  0.79026264E-08 -0.17290738E-09
 -0.11459800E+01 -0.31698780E-07  0.14666300E-06  0.80417116E-08  0.17933328E-09
 -0.11157000E+01 -0.84145788E-08  0.15194793E-06  0.81716000E-08  0.94793004E-09
 -0.10844500E+01  0.46991499E-07  0.15777924E-06  0.82937471E-08  0.26706180E-08
 -0.10532000E+01  0.17040807E-06  0.16406378E-06  0.83921730E-08  0.63394452E-08
 -0.10229300E+01  0.42444429E-06  0.17068325E-06  0.84445948E-08  0.13609271E-07
 -0.99168000E+00  0.96789910E-06  0.17822693E-06  0.84167407E-08  0.28598269E-07
 -0.96140600E+00  0.20284872E-05  0.18646695E-06  0.82480580E-08  0.56802746E-07
 -0.93015600E+00  0.41850550E-05  0.19633672E-06  0.78172918E-08  0.11204562E-06
 -0.89890600E+00  0.83684355E-05  0.20823729E-06  0.69434116E-08  0.21509645E-06
 -0.86863300E+00  0.15954466E-04  0.22265079E-06  0.53975660E-08  0.39466649E-06
 -0.83738300E+00  0.30290382E-04  0.24194435E-06  0.26535872E-08  0.72009727E-06
 -0.80710900E+00  0.55066124E-04  0.26697174E-06 -0.17372151E-08  0.12585407E-05
 -0.77585900E+00  0.99667655E-04  0.30224854E-06 -0.89378043E-08  0.21843015E-05
 -0.74460900E+00  0.17615027E-03  0.35113278E-06 -0.20074831E-07  0.36958167E-05
 -0.71433600E+00  0.29899881E-03  0.41601310E-06 -0.36007809E-07  0.60030670E-05
 -0.68308600E+00  0.50439612E-03  0.50719197E-06 -0.59645537E-07  0.96567153E-05
 -0.65281200E+00  0.81848567E-03  0.62485413E-06 -0.91315101E-07  0.14931676E-04
 -0.62156200E+00  0.13181113E-02  0.78163339E-06 -0.13459285E-06  0.22819073E-04
 -0.59031200E+00  0.20732967E-02  0.97981562E-06 -0.19031722E-06  0.33962230E-04
 -0.56003900E+00  0.31438850E-02  0.12113151E-05 -0.25613104E-06  0.48664390E-04
 -0.52878900E+00  0.47210640E-02  0.14851388E-05 -0.33437464E-06  0.68682668E-04
 -0.49851600E+00  0.68444910E-02  0.17742238E-05 -0.41702274E-06  0.93401369E-04
 -0.46726600E+00  0.98125602E-02  0.20746062E-05 -0.50230751E-06  0.12476977E-03
 -0.43601600E+00  0.13740367E-01  0.23415498E-05 -0.57646958E-06  0.16192050E-03
 -0.40574200E+00  0.18616447E-01  0.25333268E-05 -0.62687355E-06  0.20258878E-03
 -0.37449200E+00  0.24887562E-01  0.26125362E-05 -0.64134430E-06  0.24766152E-03
 -0.34421900E+00  0.32238569E-01  0.25259178E-05 -0.60410314E-06  0.29173308E-03
 -0.31296900E+00  0.41146381E-01  0.22226530E-05 -0.49897968E-06  0.33402739E-03
 -0.28171900E+00  0.51293568E-01  0.16847466E-05 -0.32129657E-06  0.36863800E-03
 -0.25144500E+00  0.62093504E-01  0.92765469E-06 -0.76755125E-07  0.39039530E-03
 -0.22019500E+00  0.73904394E-01 -0.71843841E-07  0.24158675E-06  0.39574373E-03
 -0.18992200E+00  0.85539085E-01 -0.11925484E-05  0.59463572E-06  0.38074469E-03
 -0.15867200E+00  0.97191669E-01 -0.24164593E-05  0.97611392E-06  0.34200673E-03
 -0.12742200E+00  0.10786092E+00 -0.35976472E-05  0.13395996E-05  0.27910546E-03
 -0.97148400E-01  0.11666485E+00 -0.45894235E-05  0.16392957E-05  0.19670922E-03
 -0.65898400E-01  0.12361127E+00 -0.53483885E-05  0.18610159E-05  0.93378770E-04
 -0.35625000E-01  0.12783359E+00 -0.57372352E-05  0.19632330E-05 -0.18752980E-04
 -0.43750000E-02  0.12931114E+00 -0.57245382E-05  0.19357969E-05 -0.13944899E-03
  0.26875000E-01  0.12776085E+00 -0.52821542E-05  0.17718644E-05 -0.25680958E-03
  0.57148400E-01  0.12347294E+00 -0.44848706E-05  0.14973645E-05 -0.35957151E-03
  0.88398400E-01  0.11646829E+00 -0.33654374E-05  0.11227520E-05 -0.44755631E-03
  0.11867200E+00  0.10762048E+00 -0.21005351E-05  0.70649120E-06 -0.51056064E-03
  0.14992200E+00  0.96921209E-01 -0.71898526E-06  0.25762922E-06 -0.55001972E-03
  0.18117200E+00  0.85255424E-01  0.63614575E-06 -0.17754600E-06 -0.56321008E-03
  0.21144500E+00  0.73624566E-01  0.18666206E-05 -0.56837717E-06 -0.55273865E-03
  0.24269500E+00  0.61835471E-01  0.30342029E-05 -0.93600834E-06 -0.52153534E-03
  0.27296900E+00  0.51075854E-01  0.41439889E-05 -0.12853176E-05 -0.47606476E-03
  0.30421900E+00  0.40995083E-01  0.54805522E-05 -0.17123103E-05 -0.41894744E-03
  0.33546900E+00  0.32190449E-01  0.74246597E-05 -0.23483434E-05 -0.35640137E-03
  0.36574200E+00  0.24995233E-01  0.10535183E-04 -0.33859313E-05 -0.29472534E-03
  0.39699200E+00  0.18980241E-01  0.16120414E-04 -0.52716008E-05 -0.23301403E-03
  0.42726600E+00  0.14504110E-01  0.25501746E-04 -0.84607308E-05 -0.17678911E-03
  0.45851600E+00  0.11243763E-01  0.41967679E-04 -0.14080899E-04 -0.12274975E-03
  0.48976600E+00  0.93533579E-02  0.69429076E-04 -0.23478174E-04 -0.71719855E-04
  0.52003900E+00  0.88771531E-02  0.11226791E-03 -0.38162095E-04 -0.22960197E-04
  0.55128900E+00  0.99347396E-02  0.18173202E-03 -0.62000346E-04  0.30011989E-04
  0.58156300E+00  0.12731965E-01  0.28472019E-03 -0.97373340E-04  0.87895731E-04
  0.61281300E+00  0.17894594E-01  0.44357188E-03 -0.15196827E-03  0.15918027E-03
  0.64406300E+00  0.26006669E-01  0.67642978E-03 -0.23203708E-03  0.24725699E-03
  0.67433600E+00  0.37467589E-01  0.99701187E-03 -0.34231039E-03  0.35321074E-03
  0.70558600E+00  0.54007284E-01  0.14560416E-02 -0.50025095E-03  0.48782421E-03
  0.73585900E+00  0.75668613E-01  0.20573699E-02 -0.70719691E-03  0.64500690E-03
  0.76710900E+00  0.10503496E+00  0.28759456E-02 -0.98895335E-03  0.83500192E-03
  0.79835900E+00  0.14267608E+00  0.39315629E-02 -0.13523442E-02  0.10500841E-02
  0.82863300E+00  0.18795674E+00  0.52103630E-02 -0.17926004E-02  0.12758089E-02
  0.85988300E+00  0.24439594E+00  0.68165890E-02 -0.23456089E-02  0.15158361E-02
  0.89015600E+00  0.30853459E+00  0.86568926E-02 -0.29792247E-02  0.17408828E-02
  0.92140600E+00  0.38389389E+00  0.10837999E-01 -0.37301796E-02  0.19477192E-02
  0.95265600E+00  0.46708623E+00  0.13268495E-01 -0.45669818E-02  0.21072397E-02
  0.98293000E+00  0.55288177E+00  0.15799377E-01 -0.54383247E-02  0.21952352E-02
  0.10141800E+01  0.64366159E+00  0.18508835E-01 -0.63710456E-02  0.22080602E-02
  0.10444500E+01  0.73001934E+00  0.21117893E-01 -0.72691327E-02  0.21240360E-02
  0.10757000E+01  0.81319459E+00  0.23668425E-01 -0.81469533E-02  0.19345553E-02
  0.11069500E+01  0.88575638E+00  0.25937124E-01 -0.89276193E-02  0.16432836E-02
  0.11372300E+01  0.94186618E+00  0.27740774E-01 -0.95480734E-02  0.12751672E-02
  0.11684800E+01  0.98157775E+00  0.29081866E-01 -0.10009156E-01  0.82673536E-03
  0.11987500E+01  0.10000000E+01  0.29795237E-01 -0.10254073E-01  0.35175606E-03
  0.12300000E+01  0.99707845E+00  0.29878563E-01 -0.10282024E-01 -0.14951946E-03
  0.12612500E+01  0.97205036E+00  0.29292205E-01 -0.10079434E-01 -0.62940183E-03
  0.12915200E+01  0.92826241E+00  0.28121543E-01 -0.96757715E-02 -0.10451727E-02
  0.13227700E+01  0.86570652E+00  0.26367189E-01 -0.90712528E-02 -0.13996273E-02
  0.13530500E+01  0.79189131E+00  0.24241355E-01 -0.83390088E-02 -0.16548485E-02
  0.13843000E+01  0.70642128E+00  0.21735328E-01 -0.74760402E-02 -0.18195768E-02
  0.14155500E+01  0.61608785E+00  0.19048459E-01 -0.65510403E-02 -0.18834865E-02
  0.14458200E+01  0.52808934E+00  0.16405123E-01 -0.56411292E-02 -0.18632186E-02
  0.14770700E+01  0.44045421E+00  0.13746687E-01 -0.47262212E-02 -0.17668131E-02
  0.15073400E+01  0.36155708E+00  0.11333852E-01 -0.38959826E-02 -0.16187434E-02
  0.15385900E+01  0.28838039E+00  0.90797395E-02 -0.31204929E-02 -0.14301014E-02
  0.15698400E+01  0.22483951E+00  0.71093448E-02 -0.24427337E-02 -0.12234548E-02
  0.16001200E+01  0.17286060E+00  0.54877406E-02 -0.18850512E-02 -0.10215257E-02
  0.16313700E+01  0.12885703E+00  0.41072747E-02 -0.14103909E-02 -0.82386275E-03
  0.16616400E+01  0.94855623E-01  0.30350249E-02 -0.10417857E-02 -0.65107153E-03
  0.16928900E+01  0.67597974E-01  0.21712462E-02 -0.74491510E-03 -0.49689519E-03
  0.17241400E+01  0.47082444E-01  0.15180741E-02 -0.52048726E-03 -0.36910156E-03
  0.17544100E+01  0.32450091E-01  0.10501688E-02 -0.35976502E-03 -0.26981784E-03
  0.17856600E+01  0.21603583E-01  0.70188614E-03 -0.24017467E-03 -0.19027925E-03
  0.18159400E+01  0.14249436E-01  0.46479705E-03 -0.15880007E-03 -0.13234364E-03
  0.18471900E+01  0.90665125E-02  0.29706041E-03 -0.10125965E-03 -0.88718962E-04
  0.18784400E+01  0.56373565E-02  0.18565540E-03 -0.63069960E-04 -0.57984640E-04
  0.19087100E+01  0.34803891E-02  0.11531654E-03 -0.38979855E-04 -0.37495319E-04
  0.19399600E+01  0.20678565E-02  0.69076274E-04 -0.23163034E-04 -0.23325118E-04
  0.19702300E+01  0.12215687E-02  0.41260307E-04 -0.13665285E-04 -0.14382064E-04
  0.20014800E+01  0.69341795E-03  0.23823067E-04 -0.77267725E-05 -0.85202256E-05
  0.20327300E+01  0.38455644E-03  0.13570983E-04 -0.42492033E-05 -0.49247878E-05
  0.20630100E+01  0.21240893E-03  0.78184330E-05 -0.23098895E-05 -0.28285334E-05
  0.20942600E+01  0.11246586E-03  0.44481036E-05 -0.11848086E-05 -0.15581281E-05
  0.21245300E+01  0.59370343E-04  0.26332862E-05 -0.58877622E-06 -0.85457647E-06
  0.21557800E+01  0.29957776E-04  0.16066761E-05 -0.26073619E-06 -0.44899282E-06
  0.21870300E+01  0.14721203E-04  0.10558934E-05 -0.93073910E-07 -0.23044818E-06
  0.22173000E+01  0.71889838E-05  0.76723056E-06 -0.12338363E-07 -0.11822937E-06
  0.22485500E+01  0.33060713E-05  0.60299525E-06  0.27163019E-07 -0.58174847E-07
  0.22788300E+01  0.14781395E-05  0.51182261E-06  0.43818364E-07 -0.28807779E-07
  0.23100800E+01  0.58284496E-06  0.45388927E-06  0.50101404E-07 -0.13837997E-07
  0.23413300E+01  0.17577983E-06  0.41495905E-06  0.51179311E-07 -0.67057298E-08
  0.23716000E+01  0.98435169E-09  0.38680949E-06  0.50030570E-07 -0.34514866E-08
  0.24028500E+01 -0.75247668E-07  0.36323155E-06  0.47942263E-07 -0.18960095E-08
  0.24331300E+01 -0.10353438E-06  0.34361152E-06  0.45647016E-07 -0.12087186E-08
  0.24643800E+01 -0.11234208E-06  0.32559449E-06  0.43273414E-07 -0.88390923E-09
  0.24956300E+01 -0.11251960E-06  0.30926408E-06  0.41007535E-07 -0.73309216E-09
  0.25259000E+01 -0.10948953E-06  0.29474154E-06  0.38951044E-07 -0.66136664E-09
  0.25571500E+01 -0.10523634E-06  0.28088702E-06  0.36976703E-07 -0.61719403E-09
  0.25874200E+01 -0.10087808E-06  0.26843542E-06  0.35202015E-07 -0.58791316E-09
  0.26186700E+01 -0.96475678E-07  0.25647323E-06  0.33501481E-07 -0.56431160E-09
  0.26499200E+01 -0.92290595E-07  0.24532716E-06  0.31922379E-07 -0.54230364E-09
  0.26802000E+01 -0.88473275E-07  0.23523440E-06  0.30498443E-07 -0.52369839E-09
  0.27114500E+01 -0.84775640E-07  0.22548258E-06  0.29128290E-07 -0.50516766E-09
  0.27417200E+01 -0.81415429E-07  0.21662722E-06  0.27888703E-07 -0.48852413E-09
  0.27729700E+01 -0.78156160E-07  0.20803680E-06  0.26691360E-07 -0.47218015E-09
  0.28042200E+01 -0.75095208E-07  0.19996534E-06  0.25571122E-07 -0.45669781E-09
  0.28344900E+01 -0.72300583E-07  0.19259479E-06  0.24551062E-07 -0.44376348E-09
  0.28657400E+01 -0.69583093E-07  0.18542404E-06  0.23562741E-07 -0.42970768E-09
  0.28960200E+01 -0.67097562E-07  0.17886245E-06  0.22661595E-07 -0.41670451E-09
  0.29272700E+01 -0.64673227E-07  0.17245964E-06  0.21785307E-07 -0.40388452E-09
  0.29585200E+01 -0.62381345E-07  0.16640407E-06  0.20959391E-07 -0.39163913E-09
  0.29887900E+01 -0.60278308E-07  0.16084557E-06  0.20203743E-07 -0.37953293E-09
  0.30200400E+01 -0.58219682E-07  0.15540189E-06  0.19466130E-07 -0.36835230E-09
  0.30503100E+01 -0.56326949E-07  0.15039495E-06  0.18789888E-07 -0.35776429E-09
  0.30815600E+01 -0.54470645E-07  0.14548206E-06  0.18128510E-07 -0.34810845E-09
  0.31128100E+01 -0.52706164E-07  0.14081106E-06  0.17501342E-07 -0.33839129E-09
  0.31430900E+01 -0.51078926E-07  0.13650163E-06  0.16924550E-07 -0.32924453E-09
  0.31743400E+01 -0.49478968E-07  0.13226282E-06  0.16358806E-07 -0.32034644E-09
  0.32046100E+01 -0.48001275E-07  0.12834670E-06  0.15837657E-07 -0.31191719E-09
  0.32358600E+01 -0.46545499E-07  0.12448737E-06  0.15325491E-07 -0.30355792E-09
  0.32671100E+01 -0.45156275E-07  0.12080330E-06  0.14837986E-07 -0.29572855E-09
  0.32973800E+01 -0.43870020E-07  0.11739133E-06  0.14387570E-07 -0.28750374E-09
  0.33286300E+01 -0.42600084E-07  0.11402149E-06  0.13943938E-07 -0.28000743E-09
  0.33589100E+01 -0.41422434E-07  0.11089547E-06  0.13533475E-07 -0.27309887E-09
  0.33901600E+01 -0.40258412E-07  0.10780472E-06  0.13128657E-07 -0.26592821E-09
  0.34214100E+01 -0.39143944E-07  0.10484419E-06  0.12742044E-07 -0.25997513E-09
  0.34516800E+01 -0.38108271E-07  0.10209266E-06  0.12383302E-07 -0.25400083E-09
  0.34829300E+01 -0.37082491E-07  0.99366588E-07  0.12028913E-07 -0.24806822E-09
  0.35132000E+01 -0.36128455E-07  0.96830462E-07  0.11699931E-07 -0.24230795E-09
  0.35444500E+01 -0.35182247E-07  0.94314523E-07  0.11374338E-07 -0.23664483E-09
  0.35757000E+01 -0.34273559E-07  0.91897247E-07  0.11062328E-07 -0.23066656E-09
